

############################
Thu Dec  8 17:49:15 EST 2011
/homes/6/mhollen/s/fc_networks.rois/networks_6mm/all/surfs
tksurfer.bin fsaverage lh pial 
############################


############################
Thu Dec  8 17:49:25 EST 2011
/homes/6/mhollen/s/fc_networks.rois/networks_6mm/all/surfs
tksurfer.bin fsaverage rh pial 
############################


############################
Thu Dec  8 17:49:35 EST 2011
/homes/6/mhollen/s/fc_networks.rois/networks_6mm/all/surfs
tksurfer.bin fsaverage lh pial 
############################


############################
Thu Dec  8 17:49:43 EST 2011
/homes/6/mhollen/s/fc_networks.rois/networks_6mm/all/surfs
tksurfer.bin fsaverage rh pial 
############################


############################
Thu Dec  8 17:49:54 EST 2011
/homes/6/mhollen/s/fc_networks.rois/networks_6mm/all/surfs
tksurfer.bin fsaverage lh pial 
############################


############################
Thu Dec  8 17:50:02 EST 2011
/homes/6/mhollen/s/fc_networks.rois/networks_6mm/all/surfs
tksurfer.bin fsaverage rh pial 
############################


############################
Thu Dec  8 17:50:13 EST 2011
/homes/6/mhollen/s/fc_networks.rois/networks_6mm/all/surfs
tksurfer.bin fsaverage lh pial 
############################


############################
Thu Dec  8 17:50:21 EST 2011
/homes/6/mhollen/s/fc_networks.rois/networks_6mm/all/surfs
tksurfer.bin fsaverage rh pial 
############################


############################
Thu Dec  8 17:50:32 EST 2011
/homes/6/mhollen/s/fc_networks.rois/networks_6mm/all/surfs
tksurfer.bin fsaverage lh pial 
############################


############################
Thu Dec  8 17:50:40 EST 2011
/homes/6/mhollen/s/fc_networks.rois/networks_6mm/all/surfs
tksurfer.bin fsaverage rh pial 
############################


############################
Thu Dec  8 17:50:51 EST 2011
/homes/6/mhollen/s/fc_networks.rois/networks_6mm/all/surfs
tksurfer.bin fsaverage lh pial 
############################


############################
Thu Dec  8 17:50:59 EST 2011
/homes/6/mhollen/s/fc_networks.rois/networks_6mm/all/surfs
tksurfer.bin fsaverage rh pial 
############################


############################
Thu Dec  8 17:51:10 EST 2011
/homes/6/mhollen/s/fc_networks.rois/networks_6mm/all/surfs
tksurfer.bin fsaverage lh pial 
############################


############################
Thu Dec  8 17:51:20 EST 2011
/homes/6/mhollen/s/fc_networks.rois/networks_6mm/all/surfs
tksurfer.bin fsaverage lh pial 
############################


############################
Thu Dec  8 17:51:29 EST 2011
/homes/6/mhollen/s/fc_networks.rois/networks_6mm/all/surfs
tksurfer.bin fsaverage rh pial 
############################


############################
Thu Dec  8 17:51:39 EST 2011
/homes/6/mhollen/s/fc_networks.rois/networks_6mm/all/surfs
tksurfer.bin fsaverage lh pial 
############################


############################
Thu Dec  8 17:51:48 EST 2011
/homes/6/mhollen/s/fc_networks.rois/networks_6mm/all/surfs
tksurfer.bin fsaverage rh pial 
############################


############################
Thu Dec  8 17:51:58 EST 2011
/homes/6/mhollen/s/fc_networks.rois/networks_6mm/all/surfs
tksurfer.bin fsaverage lh pial 
############################


############################
Thu Dec  8 17:52:06 EST 2011
/homes/6/mhollen/s/fc_networks.rois/networks_6mm/all/surfs
tksurfer.bin fsaverage rh pial 
############################


############################
Thu Dec  8 17:52:17 EST 2011
/homes/6/mhollen/s/fc_networks.rois/networks_6mm/all/surfs
tksurfer.bin fsaverage lh pial 
############################


############################
Thu Dec  8 17:52:25 EST 2011
/homes/6/mhollen/s/fc_networks.rois/networks_6mm/all/surfs
tksurfer.bin fsaverage rh pial 
############################


############################
Thu Dec  8 17:52:35 EST 2011
/homes/6/mhollen/s/fc_networks.rois/networks_6mm/all/surfs
tksurfer.bin fsaverage lh pial 
############################


############################
Thu Dec  8 17:52:44 EST 2011
/homes/6/mhollen/s/fc_networks.rois/networks_6mm/all/surfs
tksurfer.bin fsaverage rh pial 
############################


############################
Thu Dec  8 17:52:54 EST 2011
/homes/6/mhollen/s/fc_networks.rois/networks_6mm/all/surfs
tksurfer.bin fsaverage lh pial 
############################


############################
Thu Dec  8 17:53:03 EST 2011
/homes/6/mhollen/s/fc_networks.rois/networks_6mm/all/surfs
tksurfer.bin fsaverage rh pial 
############################


############################
Thu Dec  8 17:53:13 EST 2011
/homes/6/mhollen/s/fc_networks.rois/networks_6mm/all/surfs
tksurfer.bin fsaverage lh pial 
############################


############################
Thu Dec  8 17:53:22 EST 2011
/homes/6/mhollen/s/fc_networks.rois/networks_6mm/all/surfs
tksurfer.bin fsaverage rh pial 
############################


############################
Thu Dec  8 17:57:38 EST 2011
/homes/6/mhollen/s/fc_networks.rois/networks_6mm/all/surfs
tksurfer.bin fsaverage lh inflated 
############################


############################
Thu Dec  8 17:57:48 EST 2011
/homes/6/mhollen/s/fc_networks.rois/networks_6mm/all/surfs
tksurfer.bin fsaverage rh inflated 
############################


############################
Thu Dec  8 17:57:59 EST 2011
/homes/6/mhollen/s/fc_networks.rois/networks_6mm/all/surfs
tksurfer.bin fsaverage lh inflated 
############################


############################
Thu Dec  8 17:58:08 EST 2011
/homes/6/mhollen/s/fc_networks.rois/networks_6mm/all/surfs
tksurfer.bin fsaverage rh inflated 
############################


############################
Thu Dec  8 17:58:18 EST 2011
/homes/6/mhollen/s/fc_networks.rois/networks_6mm/all/surfs
tksurfer.bin fsaverage lh inflated 
############################


############################
Thu Dec  8 17:58:26 EST 2011
/homes/6/mhollen/s/fc_networks.rois/networks_6mm/all/surfs
tksurfer.bin fsaverage rh inflated 
############################


############################
Thu Dec  8 17:58:37 EST 2011
/homes/6/mhollen/s/fc_networks.rois/networks_6mm/all/surfs
tksurfer.bin fsaverage lh inflated 
############################


############################
Thu Dec  8 17:58:45 EST 2011
/homes/6/mhollen/s/fc_networks.rois/networks_6mm/all/surfs
tksurfer.bin fsaverage rh inflated 
############################


############################
Thu Dec  8 17:58:56 EST 2011
/homes/6/mhollen/s/fc_networks.rois/networks_6mm/all/surfs
tksurfer.bin fsaverage lh inflated 
############################


############################
Thu Dec  8 17:59:04 EST 2011
/homes/6/mhollen/s/fc_networks.rois/networks_6mm/all/surfs
tksurfer.bin fsaverage rh inflated 
############################


############################
Thu Dec  8 17:59:15 EST 2011
/homes/6/mhollen/s/fc_networks.rois/networks_6mm/all/surfs
tksurfer.bin fsaverage lh inflated 
############################


############################
Thu Dec  8 17:59:23 EST 2011
/homes/6/mhollen/s/fc_networks.rois/networks_6mm/all/surfs
tksurfer.bin fsaverage rh inflated 
############################


############################
Thu Dec  8 17:59:33 EST 2011
/homes/6/mhollen/s/fc_networks.rois/networks_6mm/all/surfs
tksurfer.bin fsaverage lh inflated 
############################


############################
Thu Dec  8 17:59:42 EST 2011
/homes/6/mhollen/s/fc_networks.rois/networks_6mm/all/surfs
tksurfer.bin fsaverage rh inflated 
############################
